<?xml version="1.0" encoding="UTF-8"?>
<testng-results skipped="0" failed="0" ignored="0" total="1" passed="1">
  <reporter-output>
    <line>
      <![CDATA[Setting up reports and Test is getting ready]]>
    </line>
    <line>
      <![CDATA[Setting Done and Test can be started]]>
    </line>
    <line>
      <![CDATA[Trying to start browser and getting application ready]]>
    </line>
    <line>
      <![CDATA[Browser and application is up and running]]>
    </line>
    <line>
      <![CDATA[Test is about to end]]>
    </line>
    <line>
      <![CDATA[Test is Completed >>>Reports Generated]]>
    </line>
  </reporter-output>
  <suite name="Default suite" duration-ms="18742" started-at="2019-05-10T13:24:27Z" finished-at="2019-05-10T13:24:45Z">
    <groups>
    </groups>
    <test name="Default test" duration-ms="18742" started-at="2019-05-10T13:24:27Z" finished-at="2019-05-10T13:24:45Z">
      <class name="com.learnautomation.testCases.LoginTestCRM">
        <test-method status="PASS" signature="setUpSuite()[pri:0, instance:com.learnautomation.testCases.LoginTestCRM@2b98378d]" name="setUpSuite" is-config="true" duration-ms="855" started-at="2019-05-10T06:24:26Z" finished-at="2019-05-10T06:24:27Z">
          <reporter-output>
            <line>
              <![CDATA[Setting up reports and Test is getting ready]]>
            </line>
            <line>
              <![CDATA[Setting Done and Test can be started]]>
            </line>
          </reporter-output>
        </test-method> <!-- setUpSuite -->
        <test-method status="PASS" signature="setup()[pri:0, instance:com.learnautomation.testCases.LoginTestCRM@2b98378d]" name="setup" is-config="true" duration-ms="11233" started-at="2019-05-10T06:24:27Z" finished-at="2019-05-10T06:24:38Z">
          <reporter-output>
            <line>
              <![CDATA[Trying to start browser and getting application ready]]>
            </line>
            <line>
              <![CDATA[Browser and application is up and running]]>
            </line>
          </reporter-output>
        </test-method> <!-- setup -->
        <test-method status="PASS" signature="loginApp()[pri:1, instance:com.learnautomation.testCases.LoginTestCRM@2b98378d]" name="loginApp" duration-ms="5214" started-at="2019-05-10T06:24:38Z" finished-at="2019-05-10T06:24:43Z">
          <reporter-output>
          </reporter-output>
        </test-method> <!-- loginApp -->
        <test-method status="PASS" signature="tearDownMethod(org.testng.ITestResult)[pri:0, instance:com.learnautomation.testCases.LoginTestCRM@2b98378d]" name="tearDownMethod" is-config="true" duration-ms="979" started-at="2019-05-10T06:24:43Z" finished-at="2019-05-10T06:24:44Z">
          <params>
            <param index="0">
              <value>
                <![CDATA[[TestResult name=loginApp status=SUCCESS method=LoginTestCRM.loginApp()[pri:1, instance:com.learnautomation.testCases.LoginTestCRM@2b98378d] output={null}]]]>
              </value>
            </param>
          </params>
          <reporter-output>
            <line>
              <![CDATA[Test is about to end]]>
            </line>
            <line>
              <![CDATA[Test is Completed >>>Reports Generated]]>
            </line>
          </reporter-output>
        </test-method> <!-- tearDownMethod -->
        <test-method status="PASS" signature="tearDown()[pri:0, instance:com.learnautomation.testCases.LoginTestCRM@2b98378d]" name="tearDown" is-config="true" duration-ms="1287" started-at="2019-05-10T06:24:44Z" finished-at="2019-05-10T06:24:45Z">
          <reporter-output>
          </reporter-output>
        </test-method> <!-- tearDown -->
      </class> <!-- com.learnautomation.testCases.LoginTestCRM -->
    </test> <!-- Default test -->
  </suite> <!-- Default suite -->
</testng-results>
